build/app/intermediates/manifest_merge_blame_file/release/manifest-merger-blame-release-report.txt
1<?xml version="1.0" encoding="utf-8"?>
2<manifest xmlns:android="http://schemas.android.com/apk/res/android"
3    package="com.boozout.underthehoodie"
4    android:versionCode="1"
5    android:versionName="1.0.0" >
6
7    <uses-sdk
8        android:minSdkVersion="19"
8-->src/main/AndroidManifest.xml
9        android:targetSdkVersion="29" />
9-->src/main/AndroidManifest.xml
10
11    <uses-permission android:name="android.permission.INTERNET" />
11-->src/main/AndroidManifest.xml:3:5-67
11-->src/main/AndroidManifest.xml:3:22-64
12    <uses-permission android:name="android.permission.ACCESS_NETWORK_STATE" />
12-->[com.google.android.gms:play-services-measurement:17.4.3] AndroidManifest.xml:24:5-79
12-->[com.google.android.gms:play-services-measurement:17.4.3] AndroidManifest.xml:24:22-76
13    <uses-permission android:name="android.permission.WAKE_LOCK" />
13-->[com.google.android.gms:play-services-measurement:17.4.3] AndroidManifest.xml:25:5-68
13-->[com.google.android.gms:play-services-measurement:17.4.3] AndroidManifest.xml:25:22-65
14    <uses-permission android:name="com.google.android.finsky.permission.BIND_GET_INSTALL_REFERRER_SERVICE" /> <!-- Required by older versions of Google Play services to create IID tokens -->
14-->[com.google.android.gms:play-services-measurement:17.4.3] AndroidManifest.xml:26:5-110
14-->[com.google.android.gms:play-services-measurement:17.4.3] AndroidManifest.xml:26:22-107
15    <uses-permission android:name="com.google.android.c2dm.permission.RECEIVE" />
15-->[com.google.firebase:firebase-iid:20.1.5] AndroidManifest.xml:26:5-82
15-->[com.google.firebase:firebase-iid:20.1.5] AndroidManifest.xml:26:22-79
16
17    <uses-feature
17-->[com.google.android.gms:play-services-maps:17.0.0] AndroidManifest.xml:26:5-28:35
18        android:glEsVersion="0x00020000"
18-->[com.google.android.gms:play-services-maps:17.0.0] AndroidManifest.xml:27:9-41
19        android:required="true" />
19-->[com.google.android.gms:play-services-maps:17.0.0] AndroidManifest.xml:28:9-32
20    <!--
21 io.flutter.app.FlutterApplication is an android.app.Application that
22         calls FlutterMain.startInitialization(this); in its onCreate method.
23         In most cases you can leave this as-is, but you if you want to provide
24         additional functionality it is fine to subclass or reimplement
25         FlutterApplication and put your custom class here.
26    -->
27    <application
27-->src/main/AndroidManifest.xml:9:5-47:19
28        android:name="io.flutter.app.FlutterApplication"
28-->src/main/AndroidManifest.xml:10:9-57
29        android:appComponentFactory="androidx.core.app.CoreComponentFactory"
29-->[androidx.core:core:1.1.0] AndroidManifest.xml:24:18-86
30        android:icon="@mipmap/ic_launcher"
30-->src/main/AndroidManifest.xml:12:9-43
31        android:label="Under the Hoodie"
31-->src/main/AndroidManifest.xml:11:9-41
32        android:theme="@style/Theme.AppCompat.Light.NoActionBar" >
32-->[:stripe_payment] AndroidManifest.xml:11:18-74
33        <activity
33-->src/main/AndroidManifest.xml:13:9-41:20
34            android:name="com.example.auxiliar.MainActivity"
34-->src/main/AndroidManifest.xml:14:13-41
35            android:configChanges="orientation|keyboardHidden|keyboard|screenSize|smallestScreenSize|locale|layoutDirection|fontScale|screenLayout|density|uiMode"
35-->src/main/AndroidManifest.xml:17:13-163
36            android:hardwareAccelerated="true"
36-->src/main/AndroidManifest.xml:18:13-47
37            android:launchMode="singleTop"
37-->src/main/AndroidManifest.xml:15:13-43
38            android:theme="@style/LaunchTheme"
38-->src/main/AndroidManifest.xml:16:13-47
39            android:windowSoftInputMode="adjustResize" >
39-->src/main/AndroidManifest.xml:19:13-55
40
41            <!--
42                 Specifies an Android theme to apply to this Activity as soon as
43                 the Android process has started. This theme is visible to the user
44                 while the Flutter UI initializes. After that, this theme continues
45                 to determine the Window background behind the Flutter UI.
46            -->
47            <meta-data
47-->src/main/AndroidManifest.xml:24:13-27:17
48                android:name="io.flutter.embedding.android.NormalTheme"
48-->src/main/AndroidManifest.xml:25:15-70
49                android:resource="@style/NormalTheme" />
49-->src/main/AndroidManifest.xml:26:15-52
50            <!--
51                 Displays an Android View that continues showing the launch screen
52                 Drawable until Flutter paints its first frame, then this splash
53                 screen fades out. A splash screen is useful to avoid any visual
54                 gap between the end of Android's launch screen and the painting of
55                 Flutter's first frame.
56            -->
57            <meta-data
57-->src/main/AndroidManifest.xml:33:13-36:17
58                android:name="io.flutter.embedding.android.SplashScreenDrawable"
58-->src/main/AndroidManifest.xml:34:15-79
59                android:resource="@drawable/launch_background" />
59-->src/main/AndroidManifest.xml:35:15-61
60
61            <intent-filter>
61-->src/main/AndroidManifest.xml:37:13-40:29
62                <action android:name="android.intent.action.MAIN" />
62-->src/main/AndroidManifest.xml:38:17-68
62-->src/main/AndroidManifest.xml:38:25-66
63
64                <category android:name="android.intent.category.LAUNCHER" />
64-->src/main/AndroidManifest.xml:39:17-76
64-->src/main/AndroidManifest.xml:39:27-74
65            </intent-filter>
66        </activity>
67        <!--
68             Don't delete the meta-data below.
69             This is used by the Flutter tool to generate GeneratedPluginRegistrant.java
70        -->
71        <meta-data
71-->src/main/AndroidManifest.xml:44:9-46:33
72            android:name="flutterEmbedding"
72-->src/main/AndroidManifest.xml:45:13-44
73            android:value="2" />
73-->src/main/AndroidManifest.xml:46:13-30
74        <meta-data
74-->[:stripe_payment] AndroidManifest.xml:12:9-14:36
75            android:name="com.google.android.gms.wallet.api.enabled"
75-->[:stripe_payment] AndroidManifest.xml:13:13-69
76            android:value="true" />
76-->[:stripe_payment] AndroidManifest.xml:14:13-33
77
78        <activity
78-->[:stripe_payment] AndroidManifest.xml:16:9-20:75
79            android:name="com.gettipsi.stripe.OpenBrowserActivity"
79-->[:stripe_payment] AndroidManifest.xml:17:13-67
80            android:exported="false"
80-->[:stripe_payment] AndroidManifest.xml:18:13-37
81            android:launchMode="singleTask"
81-->[:stripe_payment] AndroidManifest.xml:19:13-44
82            android:theme="@android:style/Theme.Translucent.NoTitleBar" />
82-->[:stripe_payment] AndroidManifest.xml:20:13-72
83        <activity
83-->[:stripe_payment] AndroidManifest.xml:21:9-34:20
84            android:name="com.gettipsi.stripe.RedirectUriReceiver"
84-->[:stripe_payment] AndroidManifest.xml:22:13-67
85            android:exported="true"
85-->[:stripe_payment] AndroidManifest.xml:23:13-36
86            android:launchMode="singleTask"
86-->[:stripe_payment] AndroidManifest.xml:24:13-44
87            android:theme="@android:style/Theme.Translucent.NoTitleBar.Fullscreen" >
87-->[:stripe_payment] AndroidManifest.xml:25:13-83
88            <intent-filter>
88-->[:stripe_payment] AndroidManifest.xml:26:13-33:29
89                <action android:name="android.intent.action.VIEW" />
89-->[:stripe_payment] AndroidManifest.xml:27:17-69
89-->[:stripe_payment] AndroidManifest.xml:27:25-66
90
91                <category android:name="android.intent.category.DEFAULT" />
91-->[:stripe_payment] AndroidManifest.xml:29:17-76
91-->[:stripe_payment] AndroidManifest.xml:29:27-73
92                <category android:name="android.intent.category.BROWSABLE" />
92-->[:stripe_payment] AndroidManifest.xml:30:17-78
92-->[:stripe_payment] AndroidManifest.xml:30:27-75
93
94                <data android:scheme="example" />
94-->[:stripe_payment] AndroidManifest.xml:32:17-50
94-->[:stripe_payment] AndroidManifest.xml:32:23-47
95            </intent-filter>
96        </activity>
97        <activity
97-->[com.stripe:stripe-android:10.4.6] AndroidManifest.xml:12:9-14:57
98            android:name="com.stripe.android.view.AddPaymentMethodActivity"
98-->[com.stripe:stripe-android:10.4.6] AndroidManifest.xml:13:13-76
99            android:theme="@style/StripeDefaultTheme" />
99-->[com.stripe:stripe-android:10.4.6] AndroidManifest.xml:14:13-54
100        <activity
100-->[com.stripe:stripe-android:10.4.6] AndroidManifest.xml:15:9-17:57
101            android:name="com.stripe.android.view.PaymentMethodsActivity"
101-->[com.stripe:stripe-android:10.4.6] AndroidManifest.xml:16:13-74
102            android:theme="@style/StripeDefaultTheme" />
102-->[com.stripe:stripe-android:10.4.6] AndroidManifest.xml:17:13-54
103        <activity
103-->[com.stripe:stripe-android:10.4.6] AndroidManifest.xml:18:9-20:57
104            android:name="com.stripe.android.view.PaymentFlowActivity"
104-->[com.stripe:stripe-android:10.4.6] AndroidManifest.xml:19:13-71
105            android:theme="@style/StripeDefaultTheme" />
105-->[com.stripe:stripe-android:10.4.6] AndroidManifest.xml:20:13-54
106        <activity
106-->[com.stripe:stripe-android:10.4.6] AndroidManifest.xml:21:9-23:57
107            android:name="com.stripe.android.view.PaymentAuthWebViewActivity"
107-->[com.stripe:stripe-android:10.4.6] AndroidManifest.xml:22:13-78
108            android:theme="@style/StripeDefaultTheme" />
108-->[com.stripe:stripe-android:10.4.6] AndroidManifest.xml:23:13-54
109        <activity
109-->[com.stripe:stripe-android:10.4.6] AndroidManifest.xml:24:9-26:57
110            android:name="com.stripe.android.view.PaymentRelayActivity"
110-->[com.stripe:stripe-android:10.4.6] AndroidManifest.xml:25:13-72
111            android:theme="@style/StripeDefaultTheme" />
111-->[com.stripe:stripe-android:10.4.6] AndroidManifest.xml:26:13-54
112        <activity
112-->[com.stripe:stripe-3ds2-android:1.2.2] AndroidManifest.xml:12:9-14:54
113            android:name="com.stripe.android.stripe3ds2.views.ChallengeActivity"
113-->[com.stripe:stripe-3ds2-android:1.2.2] AndroidManifest.xml:13:13-81
114            android:theme="@style/Stripe3DS2Theme" />
114-->[com.stripe:stripe-3ds2-android:1.2.2] AndroidManifest.xml:14:13-51
115        <activity
115-->[com.stripe:stripe-3ds2-android:1.2.2] AndroidManifest.xml:15:9-17:54
116            android:name="com.stripe.android.stripe3ds2.views.ChallengeProgressDialogActivity"
116-->[com.stripe:stripe-3ds2-android:1.2.2] AndroidManifest.xml:16:13-95
117            android:theme="@style/Stripe3DS2Theme" />
117-->[com.stripe:stripe-3ds2-android:1.2.2] AndroidManifest.xml:17:13-51
118
119        <service
119-->[:cloud_functions] AndroidManifest.xml:8:9-12:19
120            android:name="com.google.firebase.components.ComponentDiscoveryService"
120-->[:cloud_functions] AndroidManifest.xml:8:18-89
121            android:directBootAware="true"
121-->[com.google.firebase:firebase-common:19.3.0] AndroidManifest.xml:34:13-43
122            android:exported="false" >
122-->[com.google.android.gms:play-services-measurement-api:17.4.3] AndroidManifest.xml:29:13-37
123            <meta-data
123-->[:cloud_functions] AndroidManifest.xml:9:13-11:85
124                android:name="com.google.firebase.components:io.flutter.plugins.firebase.cloudfunctions.FlutterFirebaseAppRegistrar"
124-->[:cloud_functions] AndroidManifest.xml:10:17-133
125                android:value="com.google.firebase.components.ComponentRegistrar" />
125-->[:cloud_functions] AndroidManifest.xml:11:17-82
126            <meta-data
126-->[:cloud_firestore] AndroidManifest.xml:9:13-11:85
127                android:name="com.google.firebase.components:io.flutter.plugins.firebase.cloudfirestore.FlutterFirebaseAppRegistrar"
127-->[:cloud_firestore] AndroidManifest.xml:10:17-133
128                android:value="com.google.firebase.components.ComponentRegistrar" />
128-->[:cloud_firestore] AndroidManifest.xml:11:17-82
129            <meta-data
129-->[:firebase_core] AndroidManifest.xml:9:13-11:85
130                android:name="com.google.firebase.components:io.flutter.plugins.firebase.core.FlutterFirebaseAppRegistrar"
130-->[:firebase_core] AndroidManifest.xml:10:17-123
131                android:value="com.google.firebase.components.ComponentRegistrar" />
131-->[:firebase_core] AndroidManifest.xml:11:17-82
132            <meta-data
132-->[com.google.android.gms:play-services-measurement-api:17.4.3] AndroidManifest.xml:30:13-32:85
133                android:name="com.google.firebase.components:com.google.firebase.analytics.connector.internal.AnalyticsConnectorRegistrar"
133-->[com.google.android.gms:play-services-measurement-api:17.4.3] AndroidManifest.xml:31:17-139
134                android:value="com.google.firebase.components.ComponentRegistrar" />
134-->[com.google.android.gms:play-services-measurement-api:17.4.3] AndroidManifest.xml:32:17-82
135            <meta-data
135-->[com.google.firebase:firebase-firestore:21.3.0] AndroidManifest.xml:20:13-22:85
136                android:name="com.google.firebase.components:com.google.firebase.firestore.FirestoreRegistrar"
136-->[com.google.firebase:firebase-firestore:21.3.0] AndroidManifest.xml:21:17-111
137                android:value="com.google.firebase.components.ComponentRegistrar" />
137-->[com.google.firebase:firebase-firestore:21.3.0] AndroidManifest.xml:22:17-82
138            <meta-data
138-->[com.google.firebase:firebase-functions:17.0.0] AndroidManifest.xml:16:13-18:85
139                android:name="com.google.firebase.components:com.google.firebase.functions.FunctionsRegistrar"
139-->[com.google.firebase:firebase-functions:17.0.0] AndroidManifest.xml:17:17-111
140                android:value="com.google.firebase.components.ComponentRegistrar" />
140-->[com.google.firebase:firebase-functions:17.0.0] AndroidManifest.xml:18:17-82
141            <meta-data
141-->[com.google.firebase:firebase-iid:20.1.5] AndroidManifest.xml:32:13-34:85
142                android:name="com.google.firebase.components:com.google.firebase.iid.Registrar"
142-->[com.google.firebase:firebase-iid:20.1.5] AndroidManifest.xml:33:17-96
143                android:value="com.google.firebase.components.ComponentRegistrar" />
143-->[com.google.firebase:firebase-iid:20.1.5] AndroidManifest.xml:34:17-82
144            <meta-data
144-->[com.google.firebase:firebase-installations:16.2.1] AndroidManifest.xml:17:13-19:85
145                android:name="com.google.firebase.components:com.google.firebase.installations.FirebaseInstallationsRegistrar"
145-->[com.google.firebase:firebase-installations:16.2.1] AndroidManifest.xml:18:17-127
146                android:value="com.google.firebase.components.ComponentRegistrar" />
146-->[com.google.firebase:firebase-installations:16.2.1] AndroidManifest.xml:19:17-82
147        </service>
148
149        <receiver
149-->[com.google.android.gms:play-services-measurement:17.4.3] AndroidManifest.xml:29:9-33:20
150            android:name="com.google.android.gms.measurement.AppMeasurementReceiver"
150-->[com.google.android.gms:play-services-measurement:17.4.3] AndroidManifest.xml:30:13-85
151            android:enabled="true"
151-->[com.google.android.gms:play-services-measurement:17.4.3] AndroidManifest.xml:31:13-35
152            android:exported="false" >
152-->[com.google.android.gms:play-services-measurement:17.4.3] AndroidManifest.xml:32:13-37
153        </receiver>
154
155        <service
155-->[com.google.android.gms:play-services-measurement:17.4.3] AndroidManifest.xml:35:9-38:40
156            android:name="com.google.android.gms.measurement.AppMeasurementService"
156-->[com.google.android.gms:play-services-measurement:17.4.3] AndroidManifest.xml:36:13-84
157            android:enabled="true"
157-->[com.google.android.gms:play-services-measurement:17.4.3] AndroidManifest.xml:37:13-35
158            android:exported="false" />
158-->[com.google.android.gms:play-services-measurement:17.4.3] AndroidManifest.xml:38:13-37
159        <service
159-->[com.google.android.gms:play-services-measurement:17.4.3] AndroidManifest.xml:39:9-43:72
160            android:name="com.google.android.gms.measurement.AppMeasurementJobService"
160-->[com.google.android.gms:play-services-measurement:17.4.3] AndroidManifest.xml:40:13-87
161            android:enabled="true"
161-->[com.google.android.gms:play-services-measurement:17.4.3] AndroidManifest.xml:41:13-35
162            android:exported="false"
162-->[com.google.android.gms:play-services-measurement:17.4.3] AndroidManifest.xml:42:13-37
163            android:permission="android.permission.BIND_JOB_SERVICE" />
163-->[com.google.android.gms:play-services-measurement:17.4.3] AndroidManifest.xml:43:13-69
164
165        <receiver
165-->[com.google.firebase:firebase-iid:20.1.5] AndroidManifest.xml:37:9-44:20
166            android:name="com.google.firebase.iid.FirebaseInstanceIdReceiver"
166-->[com.google.firebase:firebase-iid:20.1.5] AndroidManifest.xml:38:13-78
167            android:exported="true"
167-->[com.google.firebase:firebase-iid:20.1.5] AndroidManifest.xml:39:13-36
168            android:permission="com.google.android.c2dm.permission.SEND" >
168-->[com.google.firebase:firebase-iid:20.1.5] AndroidManifest.xml:40:13-73
169            <intent-filter>
169-->[com.google.firebase:firebase-iid:20.1.5] AndroidManifest.xml:41:13-43:29
170                <action android:name="com.google.android.c2dm.intent.RECEIVE" />
170-->[com.google.firebase:firebase-iid:20.1.5] AndroidManifest.xml:42:17-81
170-->[com.google.firebase:firebase-iid:20.1.5] AndroidManifest.xml:42:25-78
171            </intent-filter>
172        </receiver>
173
174        <provider
174-->[com.google.firebase:firebase-common:19.3.0] AndroidManifest.xml:26:9-30:39
175            android:name="com.google.firebase.provider.FirebaseInitProvider"
175-->[com.google.firebase:firebase-common:19.3.0] AndroidManifest.xml:27:13-77
176            android:authorities="com.boozout.underthehoodie.firebaseinitprovider"
176-->[com.google.firebase:firebase-common:19.3.0] AndroidManifest.xml:28:13-72
177            android:exported="false"
177-->[com.google.firebase:firebase-common:19.3.0] AndroidManifest.xml:29:13-37
178            android:initOrder="100" /> <!-- Needs to be explicitly declared on P+ -->
178-->[com.google.firebase:firebase-common:19.3.0] AndroidManifest.xml:30:13-36
179        <uses-library
179-->[com.google.android.gms:play-services-maps:17.0.0] AndroidManifest.xml:33:9-35:40
180            android:name="org.apache.http.legacy"
180-->[com.google.android.gms:play-services-maps:17.0.0] AndroidManifest.xml:34:13-50
181            android:required="false" />
181-->[com.google.android.gms:play-services-maps:17.0.0] AndroidManifest.xml:35:13-37
182
183        <activity
183-->[com.google.android.gms:play-services-base:17.0.0] AndroidManifest.xml:23:9-26:75
184            android:name="com.google.android.gms.common.api.GoogleApiActivity"
184-->[com.google.android.gms:play-services-base:17.0.0] AndroidManifest.xml:24:13-79
185            android:exported="false"
185-->[com.google.android.gms:play-services-base:17.0.0] AndroidManifest.xml:25:13-37
186            android:theme="@android:style/Theme.Translucent.NoTitleBar" />
186-->[com.google.android.gms:play-services-base:17.0.0] AndroidManifest.xml:26:13-72
187
188        <meta-data
188-->[com.google.android.gms:play-services-basement:17.0.0] AndroidManifest.xml:23:9-25:69
189            android:name="com.google.android.gms.version"
189-->[com.google.android.gms:play-services-basement:17.0.0] AndroidManifest.xml:24:13-58
190            android:value="@integer/google_play_services_version" />
190-->[com.google.android.gms:play-services-basement:17.0.0] AndroidManifest.xml:25:13-66
191    </application>
192
193</manifest>